<?xml version="1.0" encoding="UTF-8"?>
<!-- Generated by org.testng.reporters.JUnitXMLReporter -->
<testsuite ignored="0" hostname="Neena" failures="0" tests="3" name="runningInchrome" time="20.077" errors="0" timestamp="2024-11-20T20:31:10 IST">
  <testcase classname="com.sevenrmartsupermarket.tests.LoginTest" name="verifyAdminUserLogin" time="3.947"/>
  <testcase classname="com.sevenrmartsupermarket.tests.LoginTest" name="verifyInvalidLoginDetails" time="1.342"/>
  <testcase classname="com.sevenrmartsupermarket.tests.LoginTest" name="verifyloginButtonIsEnabled" time="0.082"/>
</testsuite> <!-- runningInchrome -->
