<?xml version="1.0" encoding="UTF-8"?>
<!-- Generated by org.testng.reporters.JUnitXMLReporter -->
<testsuite ignored="0" hostname="Neena" failures="0" tests="3" name="runningInfirefox" time="8.237" errors="0" timestamp="2024-11-20T20:30:58 IST">
  <testcase classname="com.sevenrmartsupermarket.tests.LoginTest" name="verifyAdminUserLogin" time="0.0">
    <skipped/>
  </testcase> <!-- verifyAdminUserLogin -->
  <testcase classname="com.sevenrmartsupermarket.tests.LoginTest" name="verifyInvalidLoginDetails" time="0.0">
    <skipped/>
  </testcase> <!-- verifyInvalidLoginDetails -->
  <testcase classname="com.sevenrmartsupermarket.tests.LoginTest" name="verifyloginButtonIsEnabled" time="0.0">
    <skipped/>
  </testcase> <!-- verifyloginButtonIsEnabled -->
</testsuite> <!-- runningInfirefox -->
