<?xml version="1.0" encoding="UTF-8"?>
<!-- Generated by org.testng.reporters.JUnitXMLReporter -->
<testsuite ignored="7" hostname="Neena" failures="0" tests="3" name="logintestgrouping" time="24.358" errors="0" timestamp="2024-11-22T13:16:05 IST">
  <testcase classname="com.sevenrmartsupermarket.tests.LoginTest" name="verifyloginButtonIsEnabled" time="0.204"/>
  <testcase classname="com.sevenrmartsupermarket.tests.SubcategoryTest" name="verifyResetButtonIsenabledOrNot" time="1.741"/>
  <testcase classname="com.sevenrmartsupermarket.tests.SubcategoryTest" name="verifySearchResult" time="4.717"/>
  <testcase classname="com.sevenrmartsupermarket.tests.SubcategoryTest" name="verifyInvalidSearch" time="0.0">
    <ignored/>
  </testcase> <!-- verifyInvalidSearch -->
  <testcase classname="com.sevenrmartsupermarket.tests.SubcategoryTest" name="verifyAddingNewSubCategory" time="0.0">
    <ignored/>
  </testcase> <!-- verifyAddingNewSubCategory -->
  <testcase classname="com.sevenrmartsupermarket.tests.SubcategoryTest" name="verifySubcategoryListUsingSearchbutton" time="0.0">
    <ignored/>
  </testcase> <!-- verifySubcategoryListUsingSearchbutton -->
  <testcase classname="com.sevenrmartsupermarket.tests.SubcategoryTest" name="verifyInvalidSearchUsingDataProvider" time="0.0">
    <ignored/>
  </testcase> <!-- verifyInvalidSearchUsingDataProvider -->
  <testcase classname="com.sevenrmartsupermarket.tests.LoginTest" name="verifyCkeckboxIsEnabled" time="0.0">
    <ignored/>
  </testcase> <!-- verifyCkeckboxIsEnabled -->
  <testcase classname="com.sevenrmartsupermarket.tests.LoginTest" name="verifyAdminUserLogin" time="0.0">
    <ignored/>
  </testcase> <!-- verifyAdminUserLogin -->
  <testcase classname="com.sevenrmartsupermarket.tests.LoginTest" name="verifyInvalidLoginDetails" time="0.0">
    <ignored/>
  </testcase> <!-- verifyInvalidLoginDetails -->
</testsuite> <!-- logintestgrouping -->
