<?xml version="1.0" encoding="UTF-8"?>
<!-- Generated by org.testng.reporters.JUnitXMLReporter -->
<testsuite ignored="0" hostname="Neena" failures="0" tests="3" name="logintest" time="17.124" errors="0" timestamp="2024-11-20T19:53:55 IST">
  <testcase classname="com.sevenrmartsupermarket.tests.LoginTest" name="verifyAdminUserLogin" time="3.463"/>
  <testcase classname="com.sevenrmartsupermarket.tests.LoginTest" name="verifyInvalidLoginDetails" time="0.796"/>
  <testcase classname="com.sevenrmartsupermarket.tests.LoginTest" name="verifyloginButtonIsEnabled" time="0.045"/>
</testsuite> <!-- logintest -->
