<?xml version="1.0" encoding="UTF-8"?>
<!-- Generated by org.testng.reporters.JUnitXMLReporter -->
<testsuite ignored="0" hostname="Neena" failures="1" tests="5" name="test3" time="32.163" errors="0" timestamp="2024-11-20T13:01:49 IST">
  <testcase classname="com.sevenrmartsupermarket.tests.SubcategoryTest" name="verifyAddingNewSubCategory" time="6.392"/>
  <testcase classname="com.sevenrmartsupermarket.tests.SubcategoryTest" name="verifyInvalidSearch" time="3.332"/>
  <testcase classname="com.sevenrmartsupermarket.tests.SubcategoryTest" name="verifyResetButtonIsenabledOrNot" time="1.674"/>
  <testcase classname="com.sevenrmartsupermarket.tests.SubcategoryTest" name="verifySearchResult" time="4.833">
    <failure type="java.lang.IndexOutOfBoundsException" message="toIndex = 2">
      <![CDATA[java.lang.IndexOutOfBoundsException: toIndex = 2
at java.base/java.util.AbstractList.subListRangeCheck(AbstractList.java:509)
at java.base/java.util.ArrayList.subList(ArrayList.java:1191)
at com.sevenrmartsupermarket.tests.SubcategoryTest.verifySearchResult(SubcategoryTest.java:41)
at java.base/java.util.ArrayList.forEach(ArrayList.java:1597)
... Removed 25 stack frames]]>
    </failure>
  </testcase> <!-- verifySearchResult -->
  <testcase classname="com.sevenrmartsupermarket.tests.SubcategoryTest" name="verifySubcategoryListUsingSearchbutton" time="2.65"/>
</testsuite> <!-- test3 -->
