<?xml version="1.0" encoding="UTF-8"?>
<!-- Generated by org.testng.reporters.JUnitXMLReporter -->
<testsuite ignored="0" hostname="Neena" failures="0" tests="3" name="test2" time="16.274" errors="0" timestamp="2024-11-20T13:01:17 IST">
  <testcase classname="com.sevenrmartsupermarket.tests.LoginTest" name="verifyAdminUserLogin" time="2.536"/>
  <testcase classname="com.sevenrmartsupermarket.tests.LoginTest" name="verifyInvalidLoginDetails" time="1.075"/>
  <testcase classname="com.sevenrmartsupermarket.tests.LoginTest" name="verifyloginButtonIsEnabled" time="0.064"/>
</testsuite> <!-- test2 -->
